This is pdfTeX, Version 3.14159265-2.6-1.40.20 (TeX Live 2019/Debian) (preloaded format=pdflatex 2021.2.17)  2 MAR 2021 08:18
entering extended mode
 restricted \write18 enabled.
 %&-line parsing enabled.
**Template_for_Assignment-1.tex
(./Template_for_Assignment-1.tex
LaTeX2e <2020-02-02> patch level 2
L3 programming layer <2020-02-14>
(/usr/share/texlive/texmf-dist/tex/latex/base/article.cls
Document Class: article 2019/12/20 v1.4l Standard LaTeX document class
(/usr/share/texlive/texmf-dist/tex/latex/base/size12.clo
File: size12.clo 2019/12/20 v1.4l Standard LaTeX file (size option)
)
\c@part=\count167
\c@section=\count168
\c@subsection=\count169
\c@subsubsection=\count170
\c@paragraph=\count171
\c@subparagraph=\count172
\c@figure=\count173
\c@table=\count174
\abovecaptionskip=\skip47
\belowcaptionskip=\skip48
\bibindent=\dimen134
)
(/usr/share/texlive/texmf-dist/tex/latex/enumitem/enumitem.sty
Package: enumitem 2019/06/20 v3.9 Customized lists
\enitkv@toks@=\toks14
\labelindent=\skip49
\enit@outerparindent=\dimen135
\enit@toks=\toks15
\enit@inbox=\box45
\enit@count@id=\count175
\enitdp@description=\count176
)
(/usr/share/texlive/texmf-dist/tex/latex/jknapltx/mathrsfs.sty
Package: mathrsfs 1996/01/01 Math RSFS package v1.0 (jk)
\symrsfs=\mathgroup4
)
(/usr/share/texlive/texmf-dist/tex/latex/amsmath/amsmath.sty
Package: amsmath 2020/01/20 v2.17e AMS math features
\@mathmargin=\skip50

For additional information on amsmath, use the `?' option.
(/usr/share/texlive/texmf-dist/tex/latex/amsmath/amstext.sty
Package: amstext 2000/06/29 v2.01 AMS text

(/usr/share/texlive/texmf-dist/tex/latex/amsmath/amsgen.sty
File: amsgen.sty 1999/11/30 v2.0 generic functions
\@emptytoks=\toks16
\ex@=\dimen136
))
(/usr/share/texlive/texmf-dist/tex/latex/amsmath/amsbsy.sty
Package: amsbsy 1999/11/29 v1.2d Bold Symbols
\pmbraise@=\dimen137
)
(/usr/share/texlive/texmf-dist/tex/latex/amsmath/amsopn.sty
Package: amsopn 2016/03/08 v2.02 operator names
)
\inf@bad=\count177
LaTeX Info: Redefining \frac on input line 227.
\uproot@=\count178
\leftroot@=\count179
LaTeX Info: Redefining \overline on input line 389.
\classnum@=\count180
\DOTSCASE@=\count181
LaTeX Info: Redefining \ldots on input line 486.
LaTeX Info: Redefining \dots on input line 489.
LaTeX Info: Redefining \cdots on input line 610.
\Mathstrutbox@=\box46
\strutbox@=\box47
\big@size=\dimen138
LaTeX Font Info:    Redeclaring font encoding OML on input line 733.
LaTeX Font Info:    Redeclaring font encoding OMS on input line 734.
\macc@depth=\count182
\c@MaxMatrixCols=\count183
\dotsspace@=\muskip16
\c@parentequation=\count184
\dspbrk@lvl=\count185
\tag@help=\toks17
\row@=\count186
\column@=\count187
\maxfields@=\count188
\andhelp@=\toks18
\eqnshift@=\dimen139
\alignsep@=\dimen140
\tagshift@=\dimen141
\tagwidth@=\dimen142
\totwidth@=\dimen143
\lineht@=\dimen144
\@envbody=\toks19
\multlinegap=\skip51
\multlinetaggap=\skip52
\mathdisplay@stack=\toks20
LaTeX Info: Redefining \[ on input line 2859.
LaTeX Info: Redefining \] on input line 2860.
)
(/usr/share/texlive/texmf-dist/tex/latex/amsfonts/amssymb.sty
Package: amssymb 2013/01/14 v3.01 AMS font symbols

(/usr/share/texlive/texmf-dist/tex/latex/amsfonts/amsfonts.sty
Package: amsfonts 2013/01/14 v3.01 Basic AMSFonts support
\symAMSa=\mathgroup5
\symAMSb=\mathgroup6
LaTeX Font Info:    Redeclaring math symbol \hbar on input line 98.
LaTeX Font Info:    Overwriting math alphabet `\mathfrak' in version `bold'
(Font)                  U/euf/m/n --> U/euf/b/n on input line 106.
))
(/usr/share/texlive/texmf-dist/tex/latex/hyperref/hyperref.sty
Package: hyperref 2020/01/14 v7.00d Hypertext links for LaTeX

(/usr/share/texlive/texmf-dist/tex/generic/ltxcmds/ltxcmds.sty
Package: ltxcmds 2019/12/15 v1.24 LaTeX kernel commands for general use (HO)
)
(/usr/share/texlive/texmf-dist/tex/generic/iftex/iftex.sty
Package: iftex 2019/11/07 v1.0c TeX engine tests
)
(/usr/share/texlive/texmf-dist/tex/latex/pdftexcmds/pdftexcmds.sty
Package: pdftexcmds 2019/11/24 v0.31 Utility functions of pdfTeX for LuaTeX (HO
)

(/usr/share/texlive/texmf-dist/tex/generic/infwarerr/infwarerr.sty
Package: infwarerr 2019/12/03 v1.5 Providing info/warning/error messages (HO)
)
Package pdftexcmds Info: \pdf@primitive is available.
Package pdftexcmds Info: \pdf@ifprimitive is available.
Package pdftexcmds Info: \pdfdraftmode found.
)
(/usr/share/texlive/texmf-dist/tex/latex/graphics/keyval.sty
Package: keyval 2014/10/28 v1.15 key=value parser (DPC)
\KV@toks@=\toks21
)
(/usr/share/texlive/texmf-dist/tex/generic/kvsetkeys/kvsetkeys.sty
Package: kvsetkeys 2019/12/15 v1.18 Key value parser (HO)
)
(/usr/share/texlive/texmf-dist/tex/generic/kvdefinekeys/kvdefinekeys.sty
Package: kvdefinekeys 2019-12-19 v1.6 Define keys (HO)
)
(/usr/share/texlive/texmf-dist/tex/generic/pdfescape/pdfescape.sty
Package: pdfescape 2019/12/09 v1.15 Implements pdfTeX's escape features (HO)
)
(/usr/share/texlive/texmf-dist/tex/latex/hycolor/hycolor.sty
Package: hycolor 2020-01-27 v1.10 Color options for hyperref/bookmark (HO)
)
(/usr/share/texlive/texmf-dist/tex/latex/letltxmacro/letltxmacro.sty
Package: letltxmacro 2019/12/03 v1.6 Let assignment for LaTeX macros (HO)
)
(/usr/share/texlive/texmf-dist/tex/latex/auxhook/auxhook.sty
Package: auxhook 2019-12-17 v1.6 Hooks for auxiliary files (HO)
)
(/usr/share/texlive/texmf-dist/tex/latex/kvoptions/kvoptions.sty
Package: kvoptions 2019/11/29 v3.13 Key value format for package options (HO)
)
\@linkdim=\dimen145
\Hy@linkcounter=\count189
\Hy@pagecounter=\count190

(/usr/share/texlive/texmf-dist/tex/latex/hyperref/pd1enc.def
File: pd1enc.def 2020/01/14 v7.00d Hyperref: PDFDocEncoding definition (HO)
Now handling font encoding PD1 ...
... no UTF-8 mapping file for font encoding PD1
)
(/usr/share/texlive/texmf-dist/tex/generic/intcalc/intcalc.sty
Package: intcalc 2019/12/15 v1.3 Expandable calculations with integers (HO)
)
(/usr/share/texlive/texmf-dist/tex/generic/etexcmds/etexcmds.sty
Package: etexcmds 2019/12/15 v1.7 Avoid name clashes with e-TeX commands (HO)
)
\Hy@SavedSpaceFactor=\count191
\pdfmajorversion=\count192
Package hyperref Info: Hyper figures OFF on input line 4547.
Package hyperref Info: Link nesting OFF on input line 4552.
Package hyperref Info: Hyper index ON on input line 4555.
Package hyperref Info: Plain pages OFF on input line 4562.
Package hyperref Info: Backreferencing OFF on input line 4567.
Package hyperref Info: Implicit mode ON; LaTeX internals redefined.
Package hyperref Info: Bookmarks ON on input line 4800.
\c@Hy@tempcnt=\count193

(/usr/share/texlive/texmf-dist/tex/latex/url/url.sty
\Urlmuskip=\muskip17
Package: url 2013/09/16  ver 3.4  Verb mode for urls, etc.
)
LaTeX Info: Redefining \url on input line 5159.
\XeTeXLinkMargin=\dimen146

(/usr/share/texlive/texmf-dist/tex/generic/bitset/bitset.sty
Package: bitset 2019/12/09 v1.3 Handle bit-vector datatype (HO)

(/usr/share/texlive/texmf-dist/tex/generic/bigintcalc/bigintcalc.sty
Package: bigintcalc 2019/12/15 v1.5 Expandable calculations on big integers (HO
)
))
\Fld@menulength=\count194
\Field@Width=\dimen147
\Fld@charsize=\dimen148
Package hyperref Info: Hyper figures OFF on input line 6430.
Package hyperref Info: Link nesting OFF on input line 6435.
Package hyperref Info: Hyper index ON on input line 6438.
Package hyperref Info: backreferencing OFF on input line 6445.
Package hyperref Info: Link coloring OFF on input line 6450.
Package hyperref Info: Link coloring with OCG OFF on input line 6455.
Package hyperref Info: PDF/A mode OFF on input line 6460.
LaTeX Info: Redefining \ref on input line 6500.
LaTeX Info: Redefining \pageref on input line 6504.

(/usr/share/texlive/texmf-dist/tex/generic/atbegshi/atbegshi.sty
Package: atbegshi 2019/12/05 v1.19 At begin shipout hook (HO)
)
\Hy@abspage=\count195
\c@Item=\count196
\c@Hfootnote=\count197
)
Package hyperref Info: Driver (autodetected): hpdftex.

(/usr/share/texlive/texmf-dist/tex/latex/hyperref/hpdftex.def
File: hpdftex.def 2020/01/14 v7.00d Hyperref driver for pdfTeX

(/usr/share/texlive/texmf-dist/tex/latex/atveryend/atveryend.sty
Package: atveryend 2019-12-11 v1.11 Hooks at the very end of document (HO)
Package atveryend Info: \enddocument detected (standard20110627).
)
\Fld@listcount=\count198
\c@bookmark@seq@number=\count199

(/usr/share/texlive/texmf-dist/tex/latex/rerunfilecheck/rerunfilecheck.sty
Package: rerunfilecheck 2019/12/05 v1.9 Rerun checks for auxiliary files (HO)

(/usr/share/texlive/texmf-dist/tex/generic/uniquecounter/uniquecounter.sty
Package: uniquecounter 2019/12/15 v1.4 Provide unlimited unique counter (HO)
)
Package uniquecounter Info: New unique counter `rerunfilecheck' on input line 2
86.
)
\Hy@SectionHShift=\skip53
)
(/usr/share/texlive/texmf-dist/tex/latex/graphics/graphicx.sty
Package: graphicx 2019/11/30 v1.2a Enhanced LaTeX Graphics (DPC,SPQR)

(/usr/share/texlive/texmf-dist/tex/latex/graphics/graphics.sty
Package: graphics 2019/11/30 v1.4a Standard LaTeX Graphics (DPC,SPQR)

(/usr/share/texlive/texmf-dist/tex/latex/graphics/trig.sty
Package: trig 2016/01/03 v1.10 sin cos tan (DPC)
)
(/usr/share/texlive/texmf-dist/tex/latex/graphics-cfg/graphics.cfg
File: graphics.cfg 2016/06/04 v1.11 sample graphics configuration
)
Package graphics Info: Driver file: pdftex.def on input line 105.

(/usr/share/texlive/texmf-dist/tex/latex/graphics-def/pdftex.def
File: pdftex.def 2018/01/08 v1.0l Graphics/color driver for pdftex
))
\Gin@req@height=\dimen149
\Gin@req@width=\dimen150
)
(/usr/share/texlive/texmf-dist/tex/latex/l3backend/l3backend-pdfmode.def
File: l3backend-pdfmode.def 2020-02-03 L3 backend support: PDF mode
\l__kernel_color_stack_int=\count266
\l__pdf_internal_box=\box48
)
(./Template_for_Assignment-1.aux)
\openout1 = `Template_for_Assignment-1.aux'.

LaTeX Font Info:    Checking defaults for OML/cmm/m/it on input line 11.
LaTeX Font Info:    ... okay on input line 11.
LaTeX Font Info:    Checking defaults for OMS/cmsy/m/n on input line 11.
LaTeX Font Info:    ... okay on input line 11.
LaTeX Font Info:    Checking defaults for OT1/cmr/m/n on input line 11.
LaTeX Font Info:    ... okay on input line 11.
LaTeX Font Info:    Checking defaults for T1/cmr/m/n on input line 11.
LaTeX Font Info:    ... okay on input line 11.
LaTeX Font Info:    Checking defaults for TS1/cmr/m/n on input line 11.
LaTeX Font Info:    ... okay on input line 11.
LaTeX Font Info:    Checking defaults for OMX/cmex/m/n on input line 11.
LaTeX Font Info:    ... okay on input line 11.
LaTeX Font Info:    Checking defaults for U/cmr/m/n on input line 11.
LaTeX Font Info:    ... okay on input line 11.
LaTeX Font Info:    Checking defaults for PD1/pdf/m/n on input line 11.
LaTeX Font Info:    ... okay on input line 11.
\AtBeginShipoutBox=\box49
Package hyperref Info: Link coloring OFF on input line 11.

(/usr/share/texlive/texmf-dist/tex/latex/hyperref/nameref.sty
Package: nameref 2019/09/16 v2.46 Cross-referencing by name of section

(/usr/share/texlive/texmf-dist/tex/latex/refcount/refcount.sty
Package: refcount 2019/12/15 v3.6 Data extraction from label references (HO)
)
(/usr/share/texlive/texmf-dist/tex/generic/gettitlestring/gettitlestring.sty
Package: gettitlestring 2019/12/15 v1.6 Cleanup title references (HO)
)
\c@section@level=\count267
)
LaTeX Info: Redefining \ref on input line 11.
LaTeX Info: Redefining \pageref on input line 11.
LaTeX Info: Redefining \nameref on input line 11.

(./Template_for_Assignment-1.out) (./Template_for_Assignment-1.out)
\@outlinefile=\write3
\openout3 = `Template_for_Assignment-1.out'.


(/usr/share/texlive/texmf-dist/tex/context/base/mkii/supp-pdf.mkii
[Loading MPS to PDF converter (version 2006.09.02).]
\scratchcounter=\count268
\scratchdimen=\dimen151
\scratchbox=\box50
\nofMPsegments=\count269
\nofMParguments=\count270
\everyMPshowfont=\toks22
\MPscratchCnt=\count271
\MPscratchDim=\dimen152
\MPnumerator=\count272
\makeMPintoPDFobject=\count273
\everyMPtoPDFconversion=\toks23
) (/usr/share/texlive/texmf-dist/tex/latex/epstopdf-pkg/epstopdf-base.sty
Package: epstopdf-base 2020-01-24 v2.11 Base part for package epstopdf
Package epstopdf-base Info: Redefining graphics rule for `.eps' on input line 4
85.

(/usr/share/texlive/texmf-dist/tex/latex/latexconfig/epstopdf-sys.cfg
File: epstopdf-sys.cfg 2010/07/13 v1.3 Configuration of (r)epstopdf for TeX Liv
e
))
LaTeX Font Info:    Trying to load font information for U+rsfs on input line 17
.

(/usr/share/texlive/texmf-dist/tex/latex/jknapltx/ursfs.fd
File: ursfs.fd 1998/03/24 rsfs font definition file (jk)
)
LaTeX Font Info:    Trying to load font information for U+msa on input line 17.


(/usr/share/texlive/texmf-dist/tex/latex/amsfonts/umsa.fd
File: umsa.fd 2013/01/14 v3.01 AMS symbols A
)
LaTeX Font Info:    Trying to load font information for U+msb on input line 17.


(/usr/share/texlive/texmf-dist/tex/latex/amsfonts/umsb.fd
File: umsb.fd 2013/01/14 v3.01 AMS symbols B
) [1

{/var/lib/texmf/fonts/map/pdftex/updmap/pdftex.map}]
Overfull \hbox (35.25533pt too wide) in paragraph at lines 41--42
\OML/cmm/m/it/12 N\OT1/cmr/m/n/12 ([](2500)\OML/cmm/m/it/12 ; \OT1/cmr/m/n/12 1
)$, $\OML/cmm/m/it/12 b \OMS/cmsy/m/n/12 ^^X \OML/cmm/m/it/12 U\OT1/cmr/m/n/12 
(0\OML/cmm/m/it/12 ; \OT1/cmr/m/n/12 1)$, $\OML/cmm/m/it/12 u \OMS/cmsy/m/n/12 
^^X []\OT1/cmr/m/n/12 (1)$ and fi-naly, $\OML/cmm/m/it/12 ^^[[]; ^^Q[] [][]\OT1
/cmr/m/n/12 (0\OML/cmm/m/it/12 :\OT1/cmr/m/n/12 1\OML/cmm/m/it/12 ; \OT1/cmr/m/
n/12 0\OML/cmm/m/it/12 :\OT1/cmr/m/n/12 1)$ 
 []

<./images/1_Figure00_gelman.jpg, id=18, 481.8pt x 481.8pt>
File: ./images/1_Figure00_gelman.jpg Graphic file (type jpg)
<use ./images/1_Figure00_gelman.jpg>
Package pdftex.def Info: ./images/1_Figure00_gelman.jpg  used on input line 50.

(pdftex.def)             Requested size: 211.99265pt x 211.99265pt.
<./images/1_Figure0.png, id=19, 843.15pt x 843.15pt>
File: ./images/1_Figure0.png Graphic file (type png)
<use ./images/1_Figure0.png>
Package pdftex.def Info: ./images/1_Figure0.png  used on input line 51.
(pdftex.def)             Requested size: 210.78697pt x 210.78697pt.

Overfull \hbox (64.7654pt too wide) in paragraph at lines 50--52
[][] [] 
 []

[2]
<./images/1_Table0.png, id=26, 1003.75pt x 602.25pt>
File: ./images/1_Table0.png Graphic file (type png)
<use ./images/1_Table0.png>
Package pdftex.def Info: ./images/1_Table0.png  used on input line 56.
(pdftex.def)             Requested size: 250.93689pt x 150.56212pt.
<./images/1_Figure3_beta_posterior.png, id=28, 843.15pt x 843.15pt>
File: ./images/1_Figure3_beta_posterior.png Graphic file (type png)
<use ./images/1_Figure3_beta_posterior.png>
Package pdftex.def Info: ./images/1_Figure3_beta_posterior.png  used on input l
ine 64.
(pdftex.def)             Requested size: 210.78697pt x 210.78697pt.
<./images/1_Figure3_ita_posterior.png, id=29, 843.15pt x 843.15pt>
File: ./images/1_Figure3_ita_posterior.png Graphic file (type png)
<use ./images/1_Figure3_ita_posterior.png>
Package pdftex.def Info: ./images/1_Figure3_ita_posterior.png  used on input li
ne 65.
(pdftex.def)             Requested size: 210.78697pt x 210.78697pt.

Overfull \hbox (63.55972pt too wide) in paragraph at lines 64--66
[][] [] 
 []

[3 <./images/1_Figure00_gelman.jpg> <./images/1_Figure0.png> <./images/1_table0
.png>]
<./images/1_Figure3_sigma_posterior.png, id=36, 843.15pt x 843.15pt>
File: ./images/1_Figure3_sigma_posterior.png Graphic file (type png)
<use ./images/1_Figure3_sigma_posterior.png>
Package pdftex.def Info: ./images/1_Figure3_sigma_posterior.png  used on input 
line 68.
(pdftex.def)             Requested size: 210.78697pt x 210.78697pt.
<./images/1_Figure3_u_posterior.png, id=37, 843.15pt x 843.15pt>
File: ./images/1_Figure3_u_posterior.png Graphic file (type png)
<use ./images/1_Figure3_u_posterior.png>
Package pdftex.def Info: ./images/1_Figure3_u_posterior.png  used on input line
 69.
(pdftex.def)             Requested size: 210.78697pt x 210.78697pt.

Overfull \hbox (63.55972pt too wide) in paragraph at lines 68--70
[][] [] 
 []


Overfull \hbox (47.33167pt too wide) in paragraph at lines 72--74
\OT1/cmr/m/n/12 specif-i-cally, $\OML/cmm/m/it/12 b \OMS/cmsy/m/n/12 ^^X \OML/c
mm/m/it/12 U\OT1/cmr/m/n/12 (\OMS/cmsy/m/n/12 ^^@\OT1/cmr/m/n/12 1\OML/cmm/m/it
/12 ; \OT1/cmr/m/n/12 2)$, $\OML/cmm/m/it/12 u \OMS/cmsy/m/n/12 ^^X []\OT1/cmr/
m/n/12 (3)$ and fi-naly, $\OML/cmm/m/it/12 ^^[[]; ^^Q[] [][]\OT1/cmr/m/n/12 (1\
OML/cmm/m/it/12 =\OT1/cmr/m/n/12 0\OML/cmm/m/it/12 :\OT1/cmr/m/n/12 1\OML/cmm/m
/it/12 ; \OT1/cmr/m/n/12 1\OML/cmm/m/it/12 =\OT1/cmr/m/n/12 0\OML/cmm/m/it/12 :
\OT1/cmr/m/n/12 1)$.
 []

<./images/1_table1.png, id=38, 1003.75pt x 602.25pt>
File: ./images/1_table1.png Graphic file (type png)
<use ./images/1_table1.png>
Package pdftex.def Info: ./images/1_table1.png  used on input line 75.
(pdftex.def)             Requested size: 250.93689pt x 150.56212pt.
[4 <./images/1_Figure3_beta_posterior.png> <./images/1_Figure3_ita_posterior.pn
g> <./images/1_Figure3_sigma_posterior.png> <./images/1_Figure3_u_posterior.png
>]
<./images/1_Figure4_acf.png, id=44, 843.15pt x 843.15pt>
File: ./images/1_Figure4_acf.png Graphic file (type png)
<use ./images/1_Figure4_acf.png>
Package pdftex.def Info: ./images/1_Figure4_acf.png  used on input line 81.
(pdftex.def)             Requested size: 252.94695pt x 252.94695pt.
 [5 <./images/1_table1.png> <./images/1_Figure4_acf.png>]
<./images/1_Figure5_final_plot.png, id=51, 843.15pt x 843.15pt>
File: ./images/1_Figure5_final_plot.png Graphic file (type png)
<use ./images/1_Figure5_final_plot.png>
Package pdftex.def Info: ./images/1_Figure5_final_plot.png  used on input line 
89.
(pdftex.def)             Requested size: 210.78697pt x 210.78697pt.
<./images/1_Figure6_predictive_0.png, id=52, 843.15pt x 843.15pt>
File: ./images/1_Figure6_predictive_0.png Graphic file (type png)
<use ./images/1_Figure6_predictive_0.png>
Package pdftex.def Info: ./images/1_Figure6_predictive_0.png  used on input lin
e 97.
(pdftex.def)             Requested size: 143.3336pt x 143.3336pt.
<./images/1_Figure6_predictive_1.png, id=53, 843.15pt x 843.15pt>
File: ./images/1_Figure6_predictive_1.png Graphic file (type png)
<use ./images/1_Figure6_predictive_1.png>
Package pdftex.def Info: ./images/1_Figure6_predictive_1.png  used on input lin
e 98.
(pdftex.def)             Requested size: 143.3336pt x 143.3336pt.
<./images/1_Figure6_predictive_2.png, id=54, 843.15pt x 843.15pt>
File: ./images/1_Figure6_predictive_2.png Graphic file (type png)
<use ./images/1_Figure6_predictive_2.png>
Package pdftex.def Info: ./images/1_Figure6_predictive_2.png  used on input lin
e 99.
(pdftex.def)             Requested size: 143.3336pt x 143.3336pt.

Overfull \hbox (74.59767pt too wide) in paragraph at lines 97--100
[][] [] [] 
 []

[6 <./images/1_Figure5_final_plot.png>]
Package atveryend Info: Empty hook `BeforeClearDocument' on input line 143.
 [7 <./images/1_Figure6_predictive_0.png> <./images/1_Figure6_predictive_1.png>
 <./images/1_Figure6_predictive_2.png>]
Package atveryend Info: Empty hook `AfterLastShipout' on input line 143.

(./Template_for_Assignment-1.aux)
Package atveryend Info: Executing hook `AtVeryEndDocument' on input line 143.
Package atveryend Info: Executing hook `AtEndAfterFileList' on input line 143.
Package rerunfilecheck Info: File `Template_for_Assignment-1.out' has not chang
ed.
(rerunfilecheck)             Checksum: D41D8CD98F00B204E9800998ECF8427E;0.
Package atveryend Info: Empty hook `AtVeryVeryEnd' on input line 143.
 ) 
Here is how much of TeX's memory you used:
 6734 strings out of 483140
 101290 string characters out of 5965151
 352905 words of memory out of 5000000
 21604 multiletter control sequences out of 15000+600000
 541178 words of font info for 61 fonts, out of 8000000 for 9000
 36 hyphenation exceptions out of 8191
 34i,6n,31p,1058b,452s stack positions out of 5000i,500n,10000p,200000b,80000s
</usr/share/texlive/texmf-dist/fonts/type1/public/amsfonts/cm/cmbx12.pfb></us
r/share/texlive/texmf-dist/fonts/type1/public/amsfonts/cm/cmmi12.pfb></usr/shar
e/texlive/texmf-dist/fonts/type1/public/amsfonts/cm/cmmi8.pfb></usr/share/texli
ve/texmf-dist/fonts/type1/public/amsfonts/cm/cmr12.pfb></usr/share/texlive/texm
f-dist/fonts/type1/public/amsfonts/cm/cmr17.pfb></usr/share/texlive/texmf-dist/
fonts/type1/public/amsfonts/cm/cmr8.pfb></usr/share/texlive/texmf-dist/fonts/ty
pe1/public/amsfonts/cm/cmsy10.pfb></usr/share/texlive/texmf-dist/fonts/type1/pu
blic/amsfonts/cm/cmsy8.pfb>
Output written on Template_for_Assignment-1.pdf (7 pages, 484629 bytes).
PDF statistics:
 105 PDF objects out of 1000 (max. 8388607)
 72 compressed objects within 1 object stream
 22 named destinations out of 1000 (max. 500000)
 66 words of extra memory for PDF output out of 10000 (max. 10000000)

